# JRE version: OpenJDK Runtime Environment (8.0_242-b01) (build 1.8.0_242-release-1644-b01)
# Java VM: OpenJDK 64-Bit Server VM (25.242-b01 mixed mode windows-amd64 compressed oops)
Heap:
 PSYoungGen      total 503808K, used 352476K [0x00000000d5580000, 0x00000000f7b80000, 0x0000000100000000)
  eden space 451584K, 69% used [0x00000000d5580000,0x00000000e86013b0,0x00000000f0e80000)
  from space 52224K, 77% used [0x00000000f4780000,0x00000000f6f35fa0,0x00000000f7a80000)
  to   space 55808K, 0% used [0x00000000f0e80000,0x00000000f0e80000,0x00000000f4500000)
 ParOldGen       total 322048K, used 74505K [0x0000000080000000, 0x0000000093a80000, 0x00000000d5580000)
  object space 322048K, 23% used [0x0000000080000000,0x00000000848c2408,0x0000000093a80000)
 Metaspace       used 101003K, capacity 107842K, committed 108184K, reserved 1142784K
  class space    used 13179K, capacity 14381K, committed 14504K, reserved 1048576K
GC Heap History (10 events):
Event: 469.777 GC heap before
{Heap before GC invocations=20 (full 4):
 PSYoungGen      total 438272K, used 27458K [0x00000000d5580000, 0x00000000f6c80000, 0x0000000100000000)
  eden space 393728K, 0% used [0x00000000d5580000,0x00000000d5580000,0x00000000ed600000)
  from space 44544K, 61% used [0x00000000f0700000,0x00000000f21d09f8,0x00000000f3280000)
  to   space 50176K, 0% used [0x00000000ed600000,0x00000000ed600000,0x00000000f0700000)
 ParOldGen       total 207872K, used 92838K [0x0000000080000000, 0x000000008cb00000, 0x00000000d5580000)
  object space 207872K, 44% used [0x0000000080000000,0x0000000085aa99a0,0x000000008cb00000)
 Metaspace       used 93113K, capacity 98538K, committed 98584K, reserved 1134592K
  class space    used 12092K, capacity 13053K, committed 13096K, reserved 1048576K
Event: 469.936 GC heap after
Heap after GC invocations=20 (full 4):
 PSYoungGen      total 438272K, used 0K [0x00000000d5580000, 0x00000000f6c80000, 0x0000000100000000)
  eden space 393728K, 0% used [0x00000000d5580000,0x00000000d5580000,0x00000000ed600000)
  from space 44544K, 0% used [0x00000000f0700000,0x00000000f0700000,0x00000000f3280000)
  to   space 50176K, 0% used [0x00000000ed600000,0x00000000ed600000,0x00000000f0700000)
 ParOldGen       total 322048K, used 74473K [0x0000000080000000, 0x0000000093a80000, 0x00000000d5580000)
  object space 322048K, 23% used [0x0000000080000000,0x00000000848ba408,0x0000000093a80000)
 Metaspace       used 92828K, capacity 97710K, committed 98584K, reserved 1134592K
  class space    used 12001K, capacity 12893K, committed 13096K, reserved 1048576K
}
Event: 491.737 GC heap before
{Heap before GC invocations=21 (full 4):
 PSYoungGen      total 438272K, used 393728K [0x00000000d5580000, 0x00000000f6c80000, 0x0000000100000000)
  eden space 393728K, 100% used [0x00000000d5580000,0x00000000ed600000,0x00000000ed600000)
  from space 44544K, 0% used [0x00000000f0700000,0x00000000f0700000,0x00000000f3280000)
  to   space 50176K, 0% used [0x00000000ed600000,0x00000000ed600000,0x00000000f0700000)
 ParOldGen       total 322048K, used 74473K [0x0000000080000000, 0x0000000093a80000, 0x00000000d5580000)
  object space 322048K, 23% used [0x0000000080000000,0x00000000848ba408,0x0000000093a80000)
 Metaspace       used 99569K, capacity 105684K, committed 105880K, reserved 1140736K
  class space    used 13058K, capacity 14158K, committed 14248K, reserved 1048576K
Event: 491.749 GC heap after
Heap after GC invocations=21 (full 4):
 PSYoungGen      total 443904K, used 17265K [0x00000000d5580000, 0x00000000f5e00000, 0x0000000100000000)
  eden space 393728K, 0% used [0x00000000d5580000,0x00000000d5580000,0x00000000ed600000)
  from space 50176K, 34% used [0x00000000ed600000,0x00000000ee6dc710,0x00000000f0700000)
  to   space 48640K, 0% used [0x00000000f2e80000,0x00000000f2e80000,0x00000000f5e00000)
 ParOldGen       total 322048K, used 74481K [0x0000000080000000, 0x0000000093a80000, 0x00000000d5580000)
  object space 322048K, 23% used [0x0000000080000000,0x00000000848bc408,0x0000000093a80000)
 Metaspace       used 99569K, capacity 105684K, committed 105880K, reserved 1140736K
  class space    used 13058K, capacity 14158K, committed 14248K, reserved 1048576K
}
Event: 547.750 GC heap before
{Heap before GC invocations=22 (full 4):
 PSYoungGen      total 443904K, used 410993K [0x00000000d5580000, 0x00000000f5e00000, 0x0000000100000000)
  eden space 393728K, 100% used [0x00000000d5580000,0x00000000ed600000,0x00000000ed600000)
  from space 50176K, 34% used [0x00000000ed600000,0x00000000ee6dc710,0x00000000f0700000)
  to   space 48640K, 0% used [0x00000000f2e80000,0x00000000f2e80000,0x00000000f5e00000)
 ParOldGen       total 322048K, used 74481K [0x0000000080000000, 0x0000000093a80000, 0x00000000d5580000)
  object space 322048K, 23% used [0x0000000080000000,0x00000000848bc408,0x0000000093a80000)
 Metaspace       used 100163K, capacity 106576K, committed 106648K, reserved 1142784K
  class space    used 13110K, capacity 14242K, committed 14248K, reserved 1048576K
Event: 547.774 GC heap after
Heap after GC invocations=22 (full 4):
 PSYoungGen      total 476672K, used 44167K [0x00000000d5580000, 0x00000000f6180000, 0x0000000100000000)
  eden space 428032K, 0% used [0x00000000d5580000,0x00000000d5580000,0x00000000ef780000)
  from space 48640K, 90% used [0x00000000f2e80000,0x00000000f59a1ce8,0x00000000f5e00000)
  to   space 54272K, 0% used [0x00000000ef780000,0x00000000ef780000,0x00000000f2c80000)
 ParOldGen       total 322048K, used 74489K [0x0000000080000000, 0x0000000093a80000, 0x00000000d5580000)
  object space 322048K, 23% used [0x0000000080000000,0x00000000848be408,0x0000000093a80000)
 Metaspace       used 100163K, capacity 106576K, committed 106648K, reserved 1142784K
  class space    used 13110K, capacity 14242K, committed 14248K, reserved 1048576K
}
Event: 598.289 GC heap before
{Heap before GC invocations=23 (full 4):
 PSYoungGen      total 476672K, used 472199K [0x00000000d5580000, 0x00000000f6180000, 0x0000000100000000)
  eden space 428032K, 100% used [0x00000000d5580000,0x00000000ef780000,0x00000000ef780000)
  from space 48640K, 90% used [0x00000000f2e80000,0x00000000f59a1ce8,0x00000000f5e00000)
  to   space 54272K, 0% used [0x00000000ef780000,0x00000000ef780000,0x00000000f2c80000)
 ParOldGen       total 322048K, used 74489K [0x0000000080000000, 0x0000000093a80000, 0x00000000d5580000)
  object space 322048K, 23% used [0x0000000080000000,0x00000000848be408,0x0000000093a80000)
 Metaspace       used 100548K, capacity 107388K, committed 107544K, reserved 1142784K
  class space    used 13168K, capacity 14344K, committed 14376K, reserved 1048576K
Event: 598.298 GC heap after
Heap after GC invocations=23 (full 4):
 PSYoungGen      total 482304K, used 16707K [0x00000000d5580000, 0x00000000f7a80000, 0x0000000100000000)
  eden space 428032K, 0% used [0x00000000d5580000,0x00000000d5580000,0x00000000ef780000)
  from space 54272K, 30% used [0x00000000ef780000,0x00000000f07d0c10,0x00000000f2c80000)
  to   space 52224K, 0% used [0x00000000f4780000,0x00000000f4780000,0x00000000f7a80000)
 ParOldGen       total 322048K, used 74497K [0x0000000080000000, 0x0000000093a80000, 0x00000000d5580000)
  object space 322048K, 23% used [0x0000000080000000,0x00000000848c0408,0x0000000093a80000)
 Metaspace       used 100548K, capacity 107388K, committed 107544K, reserved 1142784K
  class space    used 13168K, capacity 14344K, committed 14376K, reserved 1048576K
}
Event: 920.556 GC heap before
{Heap before GC invocations=24 (full 4):
 PSYoungGen      total 482304K, used 444739K [0x00000000d5580000, 0x00000000f7a80000, 0x0000000100000000)
  eden space 428032K, 100% used [0x00000000d5580000,0x00000000ef780000,0x00000000ef780000)
  from space 54272K, 30% used [0x00000000ef780000,0x00000000f07d0c10,0x00000000f2c80000)
  to   space 52224K, 0% used [0x00000000f4780000,0x00000000f4780000,0x00000000f7a80000)
 ParOldGen       total 322048K, used 74497K [0x0000000080000000, 0x0000000093a80000, 0x00000000d5580000)
  object space 322048K, 23% used [0x0000000080000000,0x00000000848c0408,0x0000000093a80000)
 Metaspace       used 100897K, capacity 107778K, committed 107928K, reserved 1142784K
  class space    used 13179K, capacity 14381K, committed 14504K, reserved 1048576K
Event: 920.581 GC heap after
Heap after GC invocations=24 (full 4):
 PSYoungGen      total 503808K, used 40663K [0x00000000d5580000, 0x00000000f7b80000, 0x0000000100000000)
  eden space 451584K, 0% used [0x00000000d5580000,0x00000000d5580000,0x00000000f0e80000)
  from space 52224K, 77% used [0x00000000f4780000,0x00000000f6f35fa0,0x00000000f7a80000)
  to   space 55808K, 0% used [0x00000000f0e80000,0x00000000f0e80000,0x00000000f4500000)
 ParOldGen       total 322048K, used 74505K [0x0000000080000000, 0x0000000093a80000, 0x00000000d5580000)
  object space 322048K, 23% used [0x0000000080000000,0x00000000848c2408,0x0000000093a80000)
 Metaspace       used 100897K, capacity 107778K, committed 107928K, reserved 1142784K
  class space    used 13179K, capacity 14381K, committed 14504K, reserved 1048576K
}

