# JRE version: OpenJDK Runtime Environment (8.0_242-b01) (build 1.8.0_242-release-1644-b01)
# Java VM: OpenJDK 64-Bit Server VM (25.242-b01 mixed mode windows-amd64 compressed oops)
Heap:
 PSYoungGen      total 293376K, used 96294K [0x00000000d5580000, 0x00000000eee80000, 0x0000000100000000)
  eden space 239104K, 18% used [0x00000000d5580000,0x00000000d8117ea8,0x00000000e3f00000)
  from space 54272K, 95% used [0x00000000eb980000,0x00000000eebf1b80,0x00000000eee80000)
  to   space 31232K, 0% used [0x00000000e3f00000,0x00000000e3f00000,0x00000000e5d80000)
 ParOldGen       total 233984K, used 97954K [0x0000000080000000, 0x000000008e480000, 0x00000000d5580000)
  object space 233984K, 41% used [0x0000000080000000,0x0000000085fa88e0,0x000000008e480000)
 Metaspace       used 80356K, capacity 85938K, committed 86168K, reserved 1122304K
  class space    used 11327K, capacity 12382K, committed 12456K, reserved 1048576K
GC Heap History (10 events):
Event: 6.207 GC heap before
{Heap before GC invocations=11 (full 3):
 PSYoungGen      total 226816K, used 15868K [0x00000000d5580000, 0x00000000ea880000, 0x0000000100000000)
  eden space 210944K, 0% used [0x00000000d5580000,0x00000000d5580000,0x00000000e2380000)
  from space 15872K, 99% used [0x00000000e3980000,0x00000000e48ff300,0x00000000e4900000)
  to   space 22528K, 0% used [0x00000000e2380000,0x00000000e2380000,0x00000000e3980000)
 ParOldGen       total 152064K, used 24749K [0x0000000080000000, 0x0000000089480000, 0x00000000d5580000)
  object space 152064K, 16% used [0x0000000080000000,0x000000008182b6b0,0x0000000089480000)
 Metaspace       used 56835K, capacity 59026K, committed 59160K, reserved 1099776K
  class space    used 7685K, capacity 8154K, committed 8232K, reserved 1048576K
Event: 6.393 GC heap after
Heap after GC invocations=11 (full 3):
 PSYoungGen      total 226816K, used 0K [0x00000000d5580000, 0x00000000ea880000, 0x0000000100000000)
  eden space 210944K, 0% used [0x00000000d5580000,0x00000000d5580000,0x00000000e2380000)
  from space 15872K, 0% used [0x00000000e3980000,0x00000000e3980000,0x00000000e4900000)
  to   space 22528K, 0% used [0x00000000e2380000,0x00000000e2380000,0x00000000e3980000)
 ParOldGen       total 233984K, used 37810K [0x0000000080000000, 0x000000008e480000, 0x00000000d5580000)
  object space 233984K, 16% used [0x0000000080000000,0x00000000824ec9f8,0x000000008e480000)
 Metaspace       used 56812K, capacity 58948K, committed 59160K, reserved 1099776K
  class space    used 7678K, capacity 8141K, committed 8232K, reserved 1048576K
}
Event: 7.870 GC heap before
{Heap before GC invocations=12 (full 3):
 PSYoungGen      total 226816K, used 210944K [0x00000000d5580000, 0x00000000ea880000, 0x0000000100000000)
  eden space 210944K, 100% used [0x00000000d5580000,0x00000000e2380000,0x00000000e2380000)
  from space 15872K, 0% used [0x00000000e3980000,0x00000000e3980000,0x00000000e4900000)
  to   space 22528K, 0% used [0x00000000e2380000,0x00000000e2380000,0x00000000e3980000)
 ParOldGen       total 233984K, used 37810K [0x0000000080000000, 0x000000008e480000, 0x00000000d5580000)
  object space 233984K, 16% used [0x0000000080000000,0x00000000824ec9f8,0x000000008e480000)
 Metaspace       used 67001K, capacity 70310K, committed 70552K, reserved 1110016K
  class space    used 9256K, capacity 9896K, committed 9896K, reserved 1048576K
Event: 7.880 GC heap after
Heap after GC invocations=12 (full 3):
 PSYoungGen      total 233472K, used 19139K [0x00000000d5580000, 0x00000000e7580000, 0x0000000100000000)
  eden space 210944K, 0% used [0x00000000d5580000,0x00000000d5580000,0x00000000e2380000)
  from space 22528K, 84% used [0x00000000e2380000,0x00000000e3630c78,0x00000000e3980000)
  to   space 24576K, 0% used [0x00000000e5d80000,0x00000000e5d80000,0x00000000e7580000)
 ParOldGen       total 233984K, used 37818K [0x0000000080000000, 0x000000008e480000, 0x00000000d5580000)
  object space 233984K, 16% used [0x0000000080000000,0x00000000824ee9f8,0x000000008e480000)
 Metaspace       used 67001K, capacity 70310K, committed 70552K, reserved 1110016K
  class space    used 9256K, capacity 9896K, committed 9896K, reserved 1048576K
}
Event: 8.599 GC heap before
{Heap before GC invocations=13 (full 3):
 PSYoungGen      total 233472K, used 230083K [0x00000000d5580000, 0x00000000e7580000, 0x0000000100000000)
  eden space 210944K, 100% used [0x00000000d5580000,0x00000000e2380000,0x00000000e2380000)
  from space 22528K, 84% used [0x00000000e2380000,0x00000000e3630c78,0x00000000e3980000)
  to   space 24576K, 0% used [0x00000000e5d80000,0x00000000e5d80000,0x00000000e7580000)
 ParOldGen       total 233984K, used 37818K [0x0000000080000000, 0x000000008e480000, 0x00000000d5580000)
  object space 233984K, 16% used [0x0000000080000000,0x00000000824ee9f8,0x000000008e480000)
 Metaspace       used 70383K, capacity 73864K, committed 74136K, reserved 1114112K
  class space    used 9685K, capacity 10323K, committed 10408K, reserved 1048576K
Event: 8.621 GC heap after
Heap after GC invocations=13 (full 3):
 PSYoungGen      total 263680K, used 24544K [0x00000000d5580000, 0x00000000e8780000, 0x0000000100000000)
  eden space 239104K, 0% used [0x00000000d5580000,0x00000000d5580000,0x00000000e3f00000)
  from space 24576K, 99% used [0x00000000e5d80000,0x00000000e7578370,0x00000000e7580000)
  to   space 31232K, 0% used [0x00000000e3f00000,0x00000000e3f00000,0x00000000e5d80000)
 ParOldGen       total 233984K, used 47342K [0x0000000080000000, 0x000000008e480000, 0x00000000d5580000)
  object space 233984K, 20% used [0x0000000080000000,0x0000000082e3b888,0x000000008e480000)
 Metaspace       used 70383K, capacity 73864K, committed 74136K, reserved 1114112K
  class space    used 9685K, capacity 10323K, committed 10408K, reserved 1048576K
}
Event: 9.087 GC heap before
{Heap before GC invocations=14 (full 3):
 PSYoungGen      total 263680K, used 263648K [0x00000000d5580000, 0x00000000e8780000, 0x0000000100000000)
  eden space 239104K, 100% used [0x00000000d5580000,0x00000000e3f00000,0x00000000e3f00000)
  from space 24576K, 99% used [0x00000000e5d80000,0x00000000e7578370,0x00000000e7580000)
  to   space 31232K, 0% used [0x00000000e3f00000,0x00000000e3f00000,0x00000000e5d80000)
 ParOldGen       total 233984K, used 47342K [0x0000000080000000, 0x000000008e480000, 0x00000000d5580000)
  object space 233984K, 20% used [0x0000000080000000,0x0000000082e3b888,0x000000008e480000)
 Metaspace       used 75590K, capacity 80150K, committed 80408K, reserved 1118208K
  class space    used 10589K, capacity 11522K, committed 11560K, reserved 1048576K
Event: 9.143 GC heap after
Heap after GC invocations=14 (full 3):
 PSYoungGen      total 270336K, used 31218K [0x00000000d5580000, 0x00000000eee80000, 0x0000000100000000)
  eden space 239104K, 0% used [0x00000000d5580000,0x00000000d5580000,0x00000000e3f00000)
  from space 31232K, 99% used [0x00000000e3f00000,0x00000000e5d7c8f0,0x00000000e5d80000)
  to   space 54272K, 0% used [0x00000000eb980000,0x00000000eb980000,0x00000000eee80000)
 ParOldGen       total 233984K, used 97946K [0x0000000080000000, 0x000000008e480000, 0x00000000d5580000)
  object space 233984K, 41% used [0x0000000080000000,0x0000000085fa68e0,0x000000008e480000)
 Metaspace       used 75590K, capacity 80150K, committed 80408K, reserved 1118208K
  class space    used 10589K, capacity 11522K, committed 11560K, reserved 1048576K
}
Event: 9.869 GC heap before
{Heap before GC invocations=15 (full 3):
 PSYoungGen      total 270336K, used 270322K [0x00000000d5580000, 0x00000000eee80000, 0x0000000100000000)
  eden space 239104K, 100% used [0x00000000d5580000,0x00000000e3f00000,0x00000000e3f00000)
  from space 31232K, 99% used [0x00000000e3f00000,0x00000000e5d7c8f0,0x00000000e5d80000)
  to   space 54272K, 0% used [0x00000000eb980000,0x00000000eb980000,0x00000000eee80000)
 ParOldGen       total 233984K, used 97946K [0x0000000080000000, 0x000000008e480000, 0x00000000d5580000)
  object space 233984K, 41% used [0x0000000080000000,0x0000000085fa68e0,0x000000008e480000)
 Metaspace       used 80342K, capacity 85938K, committed 86168K, reserved 1122304K
  class space    used 11325K, capacity 12382K, committed 12456K, reserved 1048576K
Event: 9.910 GC heap after
Heap after GC invocations=15 (full 3):
 PSYoungGen      total 293376K, used 51654K [0x00000000d5580000, 0x00000000eee80000, 0x0000000100000000)
  eden space 239104K, 0% used [0x00000000d5580000,0x00000000d5580000,0x00000000e3f00000)
  from space 54272K, 95% used [0x00000000eb980000,0x00000000eebf1b80,0x00000000eee80000)
  to   space 31232K, 0% used [0x00000000e3f00000,0x00000000e3f00000,0x00000000e5d80000)
 ParOldGen       total 233984K, used 97954K [0x0000000080000000, 0x000000008e480000, 0x00000000d5580000)
  object space 233984K, 41% used [0x0000000080000000,0x0000000085fa88e0,0x000000008e480000)
 Metaspace       used 80342K, capacity 85938K, committed 86168K, reserved 1122304K
  class space    used 11325K, capacity 12382K, committed 12456K, reserved 1048576K
}

