# JRE version: OpenJDK Runtime Environment (8.0_242-b01) (build 1.8.0_242-release-1644-b01)
# Java VM: OpenJDK 64-Bit Server VM (25.242-b01 mixed mode windows-amd64 compressed oops)
Heap:
 PSYoungGen      total 235520K, used 52203K [0x00000000d5580000, 0x00000000e5900000, 0x0000000100000000)
  eden space 209408K, 12% used [0x00000000d5580000,0x00000000d6efae20,0x00000000e2200000)
  from space 26112K, 99% used [0x00000000e2200000,0x00000000e3b7ff08,0x00000000e3b80000)
  to   space 22016K, 0% used [0x00000000e3b80000,0x00000000e3b80000,0x00000000e5100000)
 ParOldGen       total 227328K, used 71744K [0x0000000080000000, 0x000000008de00000, 0x00000000d5580000)
  object space 227328K, 31% used [0x0000000080000000,0x00000000846101e8,0x000000008de00000)
 Metaspace       used 77346K, capacity 81961K, committed 82328K, reserved 1120256K
  class space    used 10852K, capacity 11832K, committed 11928K, reserved 1048576K
GC Heap History (10 events):
Event: 6.656 GC heap before
{Heap before GC invocations=12 (full 2):
 PSYoungGen      total 192512K, used 83462K [0x00000000d5580000, 0x00000000e2e00000, 0x0000000100000000)
  eden space 180736K, 39% used [0x00000000d5580000,0x00000000d9b84a38,0x00000000e0600000)
  from space 11776K, 99% used [0x00000000e0600000,0x00000000e117d120,0x00000000e1180000)
  to   space 16896K, 0% used [0x00000000e1d80000,0x00000000e1d80000,0x00000000e2e00000)
 ParOldGen       total 148992K, used 25432K [0x0000000080000000, 0x0000000089180000, 0x00000000d5580000)
  object space 148992K, 17% used [0x0000000080000000,0x00000000818d6320,0x0000000089180000)
 Metaspace       used 56818K, capacity 59035K, committed 59160K, reserved 1099776K
  class space    used 7666K, capacity 8117K, committed 8216K, reserved 1048576K
Event: 6.672 GC heap after
Heap after GC invocations=12 (full 2):
 PSYoungGen      total 201216K, used 16882K [0x00000000d5580000, 0x00000000e5900000, 0x0000000100000000)
  eden space 184320K, 0% used [0x00000000d5580000,0x00000000d5580000,0x00000000e0980000)
  from space 16896K, 99% used [0x00000000e1d80000,0x00000000e2dfcbd0,0x00000000e2e00000)
  to   space 20480K, 0% used [0x00000000e0980000,0x00000000e0980000,0x00000000e1d80000)
 ParOldGen       total 148992K, used 28858K [0x0000000080000000, 0x0000000089180000, 0x00000000d5580000)
  object space 148992K, 19% used [0x0000000080000000,0x0000000081c2ea70,0x0000000089180000)
 Metaspace       used 56818K, capacity 59035K, committed 59160K, reserved 1099776K
  class space    used 7666K, capacity 8117K, committed 8216K, reserved 1048576K
}
Event: 6.672 GC heap before
{Heap before GC invocations=13 (full 3):
 PSYoungGen      total 201216K, used 16882K [0x00000000d5580000, 0x00000000e5900000, 0x0000000100000000)
  eden space 184320K, 0% used [0x00000000d5580000,0x00000000d5580000,0x00000000e0980000)
  from space 16896K, 99% used [0x00000000e1d80000,0x00000000e2dfcbd0,0x00000000e2e00000)
  to   space 20480K, 0% used [0x00000000e0980000,0x00000000e0980000,0x00000000e1d80000)
 ParOldGen       total 148992K, used 28858K [0x0000000080000000, 0x0000000089180000, 0x00000000d5580000)
  object space 148992K, 19% used [0x0000000080000000,0x0000000081c2ea70,0x0000000089180000)
 Metaspace       used 56818K, capacity 59035K, committed 59160K, reserved 1099776K
  class space    used 7666K, capacity 8117K, committed 8216K, reserved 1048576K
Event: 6.936 GC heap after
Heap after GC invocations=13 (full 3):
 PSYoungGen      total 201216K, used 0K [0x00000000d5580000, 0x00000000e5900000, 0x0000000100000000)
  eden space 184320K, 0% used [0x00000000d5580000,0x00000000d5580000,0x00000000e0980000)
  from space 16896K, 0% used [0x00000000e1d80000,0x00000000e1d80000,0x00000000e2e00000)
  to   space 20480K, 0% used [0x00000000e0980000,0x00000000e0980000,0x00000000e1d80000)
 ParOldGen       total 227328K, used 32972K [0x0000000080000000, 0x000000008de00000, 0x00000000d5580000)
  object space 227328K, 14% used [0x0000000080000000,0x0000000082033180,0x000000008de00000)
 Metaspace       used 56800K, capacity 58975K, committed 59160K, reserved 1099776K
  class space    used 7660K, capacity 8107K, committed 8216K, reserved 1048576K
}
Event: 8.578 GC heap before
{Heap before GC invocations=14 (full 3):
 PSYoungGen      total 201216K, used 184320K [0x00000000d5580000, 0x00000000e5900000, 0x0000000100000000)
  eden space 184320K, 100% used [0x00000000d5580000,0x00000000e0980000,0x00000000e0980000)
  from space 16896K, 0% used [0x00000000e1d80000,0x00000000e1d80000,0x00000000e2e00000)
  to   space 20480K, 0% used [0x00000000e0980000,0x00000000e0980000,0x00000000e1d80000)
 ParOldGen       total 227328K, used 32972K [0x0000000080000000, 0x000000008de00000, 0x00000000d5580000)
  object space 227328K, 14% used [0x0000000080000000,0x0000000082033180,0x000000008de00000)
 Metaspace       used 66358K, capacity 69577K, committed 69656K, reserved 1110016K
  class space    used 9145K, capacity 9722K, committed 9752K, reserved 1048576K
Event: 8.590 GC heap after
Heap after GC invocations=14 (full 3):
 PSYoungGen      total 204800K, used 17448K [0x00000000d5580000, 0x00000000e5100000, 0x0000000100000000)
  eden space 184320K, 0% used [0x00000000d5580000,0x00000000d5580000,0x00000000e0980000)
  from space 20480K, 85% used [0x00000000e0980000,0x00000000e1a8a220,0x00000000e1d80000)
  to   space 22016K, 0% used [0x00000000e3b80000,0x00000000e3b80000,0x00000000e5100000)
 ParOldGen       total 227328K, used 32980K [0x0000000080000000, 0x000000008de00000, 0x00000000d5580000)
  object space 227328K, 14% used [0x0000000080000000,0x0000000082035180,0x000000008de00000)
 Metaspace       used 66358K, capacity 69577K, committed 69656K, reserved 1110016K
  class space    used 9145K, capacity 9722K, committed 9752K, reserved 1048576K
}
Event: 9.536 GC heap before
{Heap before GC invocations=15 (full 3):
 PSYoungGen      total 204800K, used 201768K [0x00000000d5580000, 0x00000000e5100000, 0x0000000100000000)
  eden space 184320K, 100% used [0x00000000d5580000,0x00000000e0980000,0x00000000e0980000)
  from space 20480K, 85% used [0x00000000e0980000,0x00000000e1a8a220,0x00000000e1d80000)
  to   space 22016K, 0% used [0x00000000e3b80000,0x00000000e3b80000,0x00000000e5100000)
 ParOldGen       total 227328K, used 32980K [0x0000000080000000, 0x000000008de00000, 0x00000000d5580000)
  object space 227328K, 14% used [0x0000000080000000,0x0000000082035180,0x000000008de00000)
 Metaspace       used 71195K, capacity 74613K, committed 74648K, reserved 1114112K
  class space    used 9753K, capacity 10366K, committed 10392K, reserved 1048576K
Event: 9.551 GC heap after
Heap after GC invocations=15 (full 3):
 PSYoungGen      total 231424K, used 22010K [0x00000000d5580000, 0x00000000e5900000, 0x0000000100000000)
  eden space 209408K, 0% used [0x00000000d5580000,0x00000000d5580000,0x00000000e2200000)
  from space 22016K, 99% used [0x00000000e3b80000,0x00000000e50fe968,0x00000000e5100000)
  to   space 26112K, 0% used [0x00000000e2200000,0x00000000e2200000,0x00000000e3b80000)
 ParOldGen       total 227328K, used 36868K [0x0000000080000000, 0x000000008de00000, 0x00000000d5580000)
  object space 227328K, 16% used [0x0000000080000000,0x0000000082401110,0x000000008de00000)
 Metaspace       used 71195K, capacity 74613K, committed 74648K, reserved 1114112K
  class space    used 9753K, capacity 10366K, committed 10392K, reserved 1048576K
}
Event: 9.952 GC heap before
{Heap before GC invocations=16 (full 3):
 PSYoungGen      total 231424K, used 231418K [0x00000000d5580000, 0x00000000e5900000, 0x0000000100000000)
  eden space 209408K, 100% used [0x00000000d5580000,0x00000000e2200000,0x00000000e2200000)
  from space 22016K, 99% used [0x00000000e3b80000,0x00000000e50fe968,0x00000000e5100000)
  to   space 26112K, 0% used [0x00000000e2200000,0x00000000e2200000,0x00000000e3b80000)
 ParOldGen       total 227328K, used 36868K [0x0000000080000000, 0x000000008de00000, 0x00000000d5580000)
  object space 227328K, 16% used [0x0000000080000000,0x0000000082401110,0x000000008de00000)
 Metaspace       used 75607K, capacity 79749K, committed 79768K, reserved 1118208K
  class space    used 10411K, capacity 11142K, committed 11160K, reserved 1048576K
Event: 9.987 GC heap after
Heap after GC invocations=16 (full 3):
 PSYoungGen      total 235520K, used 26111K [0x00000000d5580000, 0x00000000e5900000, 0x0000000100000000)
  eden space 209408K, 0% used [0x00000000d5580000,0x00000000d5580000,0x00000000e2200000)
  from space 26112K, 99% used [0x00000000e2200000,0x00000000e3b7ff08,0x00000000e3b80000)
  to   space 22016K, 0% used [0x00000000e3b80000,0x00000000e3b80000,0x00000000e5100000)
 ParOldGen       total 227328K, used 71744K [0x0000000080000000, 0x000000008de00000, 0x00000000d5580000)
  object space 227328K, 31% used [0x0000000080000000,0x00000000846101e8,0x000000008de00000)
 Metaspace       used 75607K, capacity 79749K, committed 79768K, reserved 1118208K
  class space    used 10411K, capacity 11142K, committed 11160K, reserved 1048576K
}

